<?xml version="1.0" encoding="UTF-8"?>
<testsuite name="org.xxpay.dubbo.service.PayServiceTest" time="0.282" tests="8" errors="4" skipped="0" failures="0">
  <properties>
    <property name="java.runtime.name" value="Java(TM) SE Runtime Environment"/>
    <property name="sun.boot.library.path" value="/Library/Java/JavaVirtualMachines/jdk1.8.0_221.jdk/Contents/Home/jre/lib"/>
    <property name="java.vm.version" value="25.221-b11"/>
    <property name="gopherProxySet" value="false"/>
    <property name="java.vm.vendor" value="Oracle Corporation"/>
    <property name="maven.multiModuleProjectDirectory" value="/code/demo/xxpay-master"/>
    <property name="java.vendor.url" value="http://java.oracle.com/"/>
    <property name="path.separator" value=":"/>
    <property name="guice.disable.misplaced.annotation.check" value="true"/>
    <property name="java.vm.name" value="Java HotSpot(TM) 64-Bit Server VM"/>
    <property name="file.encoding.pkg" value="sun.io"/>
    <property name="user.country" value="CN"/>
    <property name="sun.java.launcher" value="SUN_STANDARD"/>
    <property name="sun.os.patch.level" value="unknown"/>
    <property name="java.vm.specification.name" value="Java Virtual Machine Specification"/>
    <property name="user.dir" value="/code/demo/xxpay-master"/>
    <property name="java.runtime.version" value="1.8.0_221-b11"/>
    <property name="java.awt.graphicsenv" value="sun.awt.CGraphicsEnvironment"/>
    <property name="java.endorsed.dirs" value="/Library/Java/JavaVirtualMachines/jdk1.8.0_221.jdk/Contents/Home/jre/lib/endorsed"/>
    <property name="os.arch" value="x86_64"/>
    <property name="java.io.tmpdir" value="/var/folders/xs/cdc2b5sx5pz_kr19n8wr7rkw0000gn/T/"/>
    <property name="line.separator" value="&#10;"/>
    <property name="java.vm.specification.vendor" value="Oracle Corporation"/>
    <property name="os.name" value="Mac OS X"/>
    <property name="classworlds.conf" value="/Applications/IntelliJ IDEA.app/Contents/plugins/maven/lib/maven3/bin/m2.conf"/>
    <property name="sun.jnu.encoding" value="UTF-8"/>
    <property name="java.library.path" value="/Users/hanpeng/Library/Java/Extensions:/Library/Java/Extensions:/Network/Library/Java/Extensions:/System/Library/Java/Extensions:/usr/lib/java:."/>
    <property name="maven.conf" value="/Applications/IntelliJ IDEA.app/Contents/plugins/maven/lib/maven3/conf"/>
    <property name="java.specification.name" value="Java Platform API Specification"/>
    <property name="java.class.version" value="52.0"/>
    <property name="sun.management.compiler" value="HotSpot 64-Bit Tiered Compilers"/>
    <property name="os.version" value="10.14.2"/>
    <property name="http.nonProxyHosts" value="local|*.local|169.254/16|*.169.254/16"/>
    <property name="user.home" value="/Users/hanpeng"/>
    <property name="user.timezone" value="Asia/Shanghai"/>
    <property name="java.awt.printerjob" value="sun.lwawt.macosx.CPrinterJob"/>
    <property name="java.specification.version" value="1.8"/>
    <property name="file.encoding" value="UTF-8"/>
    <property name="user.name" value="hanpeng"/>
    <property name="java.class.path" value="/Applications/IntelliJ IDEA.app/Contents/plugins/maven/lib/maven3/boot/plexus-classworlds-2.6.0.jar:/Applications/IntelliJ IDEA.app/Contents/lib/idea_rt.jar"/>
    <property name="java.vm.specification.version" value="1.8"/>
    <property name="sun.arch.data.model" value="64"/>
    <property name="java.home" value="/Library/Java/JavaVirtualMachines/jdk1.8.0_221.jdk/Contents/Home/jre"/>
    <property name="sun.java.command" value="org.codehaus.classworlds.Launcher -Didea.version2019.1.4 package"/>
    <property name="java.specification.vendor" value="Oracle Corporation"/>
    <property name="user.language" value="zh"/>
    <property name="idea.version2019.1.4" value="true"/>
    <property name="awt.toolkit" value="sun.lwawt.macosx.LWCToolkit"/>
    <property name="java.vm.info" value="mixed mode"/>
    <property name="java.version" value="1.8.0_221"/>
    <property name="java.ext.dirs" value="/Users/hanpeng/Library/Java/Extensions:/Library/Java/JavaVirtualMachines/jdk1.8.0_221.jdk/Contents/Home/jre/lib/ext:/Library/Java/Extensions:/Network/Library/Java/Extensions:/System/Library/Java/Extensions:/usr/lib/java"/>
    <property name="sun.boot.class.path" value="/Library/Java/JavaVirtualMachines/jdk1.8.0_221.jdk/Contents/Home/jre/lib/resources.jar:/Library/Java/JavaVirtualMachines/jdk1.8.0_221.jdk/Contents/Home/jre/lib/rt.jar:/Library/Java/JavaVirtualMachines/jdk1.8.0_221.jdk/Contents/Home/jre/lib/sunrsasign.jar:/Library/Java/JavaVirtualMachines/jdk1.8.0_221.jdk/Contents/Home/jre/lib/jsse.jar:/Library/Java/JavaVirtualMachines/jdk1.8.0_221.jdk/Contents/Home/jre/lib/jce.jar:/Library/Java/JavaVirtualMachines/jdk1.8.0_221.jdk/Contents/Home/jre/lib/charsets.jar:/Library/Java/JavaVirtualMachines/jdk1.8.0_221.jdk/Contents/Home/jre/lib/jfr.jar:/Library/Java/JavaVirtualMachines/jdk1.8.0_221.jdk/Contents/Home/jre/classes"/>
    <property name="java.vendor" value="Oracle Corporation"/>
    <property name="maven.home" value="/Applications/IntelliJ IDEA.app/Contents/plugins/maven/lib/maven3"/>
    <property name="file.separator" value="/"/>
    <property name="java.vendor.url.bug" value="http://bugreport.sun.com/bugreport/"/>
    <property name="sun.cpu.endian" value="little"/>
    <property name="sun.io.unicode.encoding" value="UnicodeBig"/>
    <property name="socksNonProxyHosts" value="local|*.local|169.254/16|*.169.254/16"/>
    <property name="ftp.nonProxyHosts" value="local|*.local|169.254/16|*.169.254/16"/>
    <property name="sun.cpu.isalist" value=""/>
  </properties>
  <testcase name="tesGetWxRefundReq" classname="org.xxpay.dubbo.service.PayServiceTest" time="0.237"/>
  <testcase name="testDoWxTransReq" classname="org.xxpay.dubbo.service.PayServiceTest" time="0.013"/>
  <testcase name="testDoAliRefundReq" classname="org.xxpay.dubbo.service.PayServiceTest" time="0.01">
    <error type="java.lang.NullPointerException:">java.lang.NullPointerException: null
	at org.xxpay.dubbo.service.impl.PayChannel4AliServiceImpl.doAliRefundReq(PayChannel4AliServiceImpl.java:421)
	at org.xxpay.dubbo.service.PayServiceTest.testDoAliRefundReq(PayServiceTest.java:82)
</error>
    <system-out><![CDATA[2019-10-28 01:21:06.174  INFO 21630 --- [           main] trationDelegate$BeanPostProcessorChecker : Bean 'org.xxpay.dubbo.service.PayServiceTest' of type [org.xxpay.dubbo.service.PayServiceTest] is not eligible for getting processed by all BeanPostProcessors (for example: not eligible for auto-proxying)
]]></system-out>
  </testcase>
  <testcase name="testGetWxTransReq" classname="org.xxpay.dubbo.service.PayServiceTest" time="0.005"/>
  <testcase name="testDoAliTransReq" classname="org.xxpay.dubbo.service.PayServiceTest" time="0.004">
    <error type="java.lang.NullPointerException:">java.lang.NullPointerException: null
	at org.xxpay.dubbo.service.impl.PayChannel4AliServiceImpl.doAliTransReq(PayChannel4AliServiceImpl.java:324)
	at org.xxpay.dubbo.service.PayServiceTest.testDoAliTransReq(PayServiceTest.java:47)
</error>
    <system-out><![CDATA[2019-10-28 01:21:06.189  INFO 21630 --- [           main] trationDelegate$BeanPostProcessorChecker : Bean 'org.xxpay.dubbo.service.PayServiceTest' of type [org.xxpay.dubbo.service.PayServiceTest] is not eligible for getting processed by all BeanPostProcessors (for example: not eligible for auto-proxying)
]]></system-out>
  </testcase>
  <testcase name="testGetAliTransReq" classname="org.xxpay.dubbo.service.PayServiceTest" time="0.004">
    <error type="java.lang.NullPointerException:">java.lang.NullPointerException: null
	at org.xxpay.dubbo.service.impl.PayChannel4AliServiceImpl.getAliTransReq(PayChannel4AliServiceImpl.java:376)
	at org.xxpay.dubbo.service.PayServiceTest.testGetAliTransReq(PayServiceTest.java:62)
</error>
    <system-out><![CDATA[2019-10-28 01:21:06.194  INFO 21630 --- [           main] trationDelegate$BeanPostProcessorChecker : Bean 'org.xxpay.dubbo.service.PayServiceTest' of type [org.xxpay.dubbo.service.PayServiceTest] is not eligible for getting processed by all BeanPostProcessors (for example: not eligible for auto-proxying)
]]></system-out>
  </testcase>
  <testcase name="testDoWxRefundReq" classname="org.xxpay.dubbo.service.PayServiceTest" time="0.005"/>
  <testcase name="testetAliRefundReq" classname="org.xxpay.dubbo.service.PayServiceTest" time="0.004">
    <error type="java.lang.NullPointerException:">java.lang.NullPointerException: null
	at org.xxpay.dubbo.service.impl.PayChannel4AliServiceImpl.getAliRefundReq(PayChannel4AliServiceImpl.java:470)
	at org.xxpay.dubbo.service.PayServiceTest.testetAliRefundReq(PayServiceTest.java:102)
</error>
    <system-out><![CDATA[2019-10-28 01:21:06.203  INFO 21630 --- [           main] trationDelegate$BeanPostProcessorChecker : Bean 'org.xxpay.dubbo.service.PayServiceTest' of type [org.xxpay.dubbo.service.PayServiceTest] is not eligible for getting processed by all BeanPostProcessors (for example: not eligible for auto-proxying)
]]></system-out>
  </testcase>
</testsuite>